  ball.cpp
C:\Users\ealos\source\repos\Football Management\External\SFML\include\SFML\System\Exception.hpp(41,47): warning C4275: non dll-interface class 'std::runtime_error' used as base for dll-interface class 'sf::Exception'
  (compiling source file 'ball.cpp')
      C:\Program Files\Microsoft Visual Studio\2022\Community\VC\Tools\MSVC\14.43.34808\include\stdexcept(100,19):
      see declaration of 'std::runtime_error'
      C:\Users\ealos\source\repos\Football Management\External\SFML\include\SFML\System\Exception.hpp(41,23):
      see declaration of 'sf::Exception'
  
C:\Users\ealos\source\repos\Football Management\Football Management\ball.cpp(84,24): warning C4244: 'argument': conversion from 'time_t' to 'unsigned int', possible loss of data
  bot.cpp
C:\Users\ealos\source\repos\Football Management\External\SFML\include\SFML\System\Exception.hpp(41,47): warning C4275: non dll-interface class 'std::runtime_error' used as base for dll-interface class 'sf::Exception'
  (compiling source file 'bot.cpp')
      C:\Program Files\Microsoft Visual Studio\2022\Community\VC\Tools\MSVC\14.43.34808\include\stdexcept(100,19):
      see declaration of 'std::runtime_error'
      C:\Users\ealos\source\repos\Football Management\External\SFML\include\SFML\System\Exception.hpp(41,23):
      see declaration of 'sf::Exception'
  
  button.cpp
C:\Users\ealos\source\repos\Football Management\External\SFML\include\SFML\System\Exception.hpp(41,47): warning C4275: non dll-interface class 'std::runtime_error' used as base for dll-interface class 'sf::Exception'
  (compiling source file 'button.cpp')
      C:\Program Files\Microsoft Visual Studio\2022\Community\VC\Tools\MSVC\14.43.34808\include\stdexcept(100,19):
      see declaration of 'std::runtime_error'
      C:\Users\ealos\source\repos\Football Management\External\SFML\include\SFML\System\Exception.hpp(41,23):
      see declaration of 'sf::Exception'
  
  game.cpp
C:\Users\ealos\source\repos\Football Management\External\SFML\include\SFML\System\Exception.hpp(41,47): warning C4275: non dll-interface class 'std::runtime_error' used as base for dll-interface class 'sf::Exception'
  (compiling source file 'game.cpp')
      C:\Program Files\Microsoft Visual Studio\2022\Community\VC\Tools\MSVC\14.43.34808\include\stdexcept(100,19):
      see declaration of 'std::runtime_error'
      C:\Users\ealos\source\repos\Football Management\External\SFML\include\SFML\System\Exception.hpp(41,23):
      see declaration of 'sf::Exception'
  
  goal.cpp
C:\Users\ealos\source\repos\Football Management\External\SFML\include\SFML\System\Exception.hpp(41,47): warning C4275: non dll-interface class 'std::runtime_error' used as base for dll-interface class 'sf::Exception'
  (compiling source file 'goal.cpp')
      C:\Program Files\Microsoft Visual Studio\2022\Community\VC\Tools\MSVC\14.43.34808\include\stdexcept(100,19):
      see declaration of 'std::runtime_error'
      C:\Users\ealos\source\repos\Football Management\External\SFML\include\SFML\System\Exception.hpp(41,23):
      see declaration of 'sf::Exception'
  
  main.cpp
C:\Users\ealos\source\repos\Football Management\External\SFML\include\SFML\System\Exception.hpp(41,47): warning C4275: non dll-interface class 'std::runtime_error' used as base for dll-interface class 'sf::Exception'
  (compiling source file 'main.cpp')
      C:\Program Files\Microsoft Visual Studio\2022\Community\VC\Tools\MSVC\14.43.34808\include\stdexcept(100,19):
      see declaration of 'std::runtime_error'
      C:\Users\ealos\source\repos\Football Management\External\SFML\include\SFML\System\Exception.hpp(41,23):
      see declaration of 'sf::Exception'
  
C:\Users\ealos\source\repos\Football Management\Football Management\main.cpp(31,25): warning C4244: '=': conversion from 'int' to 'T', possible loss of data
C:\Users\ealos\source\repos\Football Management\Football Management\main.cpp(31,25): warning C4244:         with
C:\Users\ealos\source\repos\Football Management\Football Management\main.cpp(31,25): warning C4244:         [
C:\Users\ealos\source\repos\Football Management\Football Management\main.cpp(31,25): warning C4244:             T=float
C:\Users\ealos\source\repos\Football Management\Football Management\main.cpp(31,25): warning C4244:         ]
C:\Users\ealos\source\repos\Football Management\Football Management\main.cpp(38,25): warning C4244: '=': conversion from 'int' to 'T', possible loss of data
C:\Users\ealos\source\repos\Football Management\Football Management\main.cpp(38,25): warning C4244:         with
C:\Users\ealos\source\repos\Football Management\Football Management\main.cpp(38,25): warning C4244:         [
C:\Users\ealos\source\repos\Football Management\Football Management\main.cpp(38,25): warning C4244:             T=float
C:\Users\ealos\source\repos\Football Management\Football Management\main.cpp(38,25): warning C4244:         ]
C:\Users\ealos\source\repos\Football Management\Football Management\main.cpp(190,24): warning C4244: 'initializing': conversion from 'double' to 'float', possible loss of data
C:\Users\ealos\source\repos\Football Management\Football Management\main.cpp(231,86): warning C4244: 'argument': conversion from 'float' to 'int', possible loss of data
C:\Users\ealos\source\repos\Football Management\Football Management\main.cpp(231,73): warning C4244: 'argument': conversion from 'float' to 'int', possible loss of data
C:\Users\ealos\source\repos\Football Management\Football Management\main.cpp(238,105): warning C4244: 'argument': conversion from 'float' to 'int', possible loss of data
C:\Users\ealos\source\repos\Football Management\Football Management\main.cpp(238,92): warning C4244: 'argument': conversion from 'float' to 'int', possible loss of data
  movement.cpp
C:\Users\ealos\source\repos\Football Management\External\SFML\include\SFML\System\Exception.hpp(41,47): warning C4275: non dll-interface class 'std::runtime_error' used as base for dll-interface class 'sf::Exception'
  (compiling source file 'movement.cpp')
      C:\Program Files\Microsoft Visual Studio\2022\Community\VC\Tools\MSVC\14.43.34808\include\stdexcept(100,19):
      see declaration of 'std::runtime_error'
      C:\Users\ealos\source\repos\Football Management\External\SFML\include\SFML\System\Exception.hpp(41,23):
      see declaration of 'sf::Exception'
  
  Generating code
  Previous IPDB not found, fall back to full compilation.
  All 277 functions were compiled because no usable IPDB/IOBJ from previous compilation was found.
  Finished generating code
  Football Management.vcxproj -> C:\Users\ealos\source\repos\Football Management\Release\Football Management.exe
