c:\users\ealos\source\repos\football management\football management\release\vc143.pdb
c:\users\ealos\source\repos\football management\football management\release\movement.obj
c:\users\ealos\source\repos\football management\football management\release\main.obj
c:\users\ealos\source\repos\football management\football management\release\goal.obj
c:\users\ealos\source\repos\football management\football management\release\game.obj
c:\users\ealos\source\repos\football management\football management\release\button.obj
c:\users\ealos\source\repos\football management\football management\release\bot.obj
c:\users\ealos\source\repos\football management\football management\release\ball.obj
c:\users\ealos\source\repos\football management\release\football management.exe
c:\users\ealos\source\repos\football management\release\football management.pdb
c:\users\ealos\source\repos\football management\football management\release\football management.res
c:\users\ealos\source\repos\football management\football management\release\football management.ipdb
c:\users\ealos\source\repos\football management\football management\release\football management.iobj
c:\users\ealos\source\repos\football management\football management\release\football.a9eeaa11.tlog\cl.command.1.tlog
c:\users\ealos\source\repos\football management\football management\release\football.a9eeaa11.tlog\cl.items.tlog
c:\users\ealos\source\repos\football management\football management\release\football.a9eeaa11.tlog\cl.read.1.tlog
c:\users\ealos\source\repos\football management\football management\release\football.a9eeaa11.tlog\cl.write.1.tlog
c:\users\ealos\source\repos\football management\football management\release\football.a9eeaa11.tlog\link.command.1.tlog
c:\users\ealos\source\repos\football management\football management\release\football.a9eeaa11.tlog\link.read.1.tlog
c:\users\ealos\source\repos\football management\football management\release\football.a9eeaa11.tlog\link.secondary.1.tlog
c:\users\ealos\source\repos\football management\football management\release\football.a9eeaa11.tlog\link.write.1.tlog
c:\users\ealos\source\repos\football management\football management\release\football.a9eeaa11.tlog\rc.command.1.tlog
c:\users\ealos\source\repos\football management\football management\release\football.a9eeaa11.tlog\rc.read.1.tlog
c:\users\ealos\source\repos\football management\football management\release\football.a9eeaa11.tlog\rc.write.1.tlog
